# JRE version: Java(TM) SE Runtime Environment (17.0+35) (build 17+35-LTS-2724)
# Java VM: Java HotSpot(TM) 64-Bit Server VM (17+35-LTS-2724, mixed mode, sharing, tiered, compressed oops, compressed class ptrs, g1 gc, windows-amd64)
GC Precious Log:
 CPUs: 4 total, 4 available
 Memory: 8078M
 Large Page Support: Disabled
 NUMA Support: Disabled
 Compressed Oops: Enabled (32-bit)
 Heap Region Size: 1M
 Heap Min Capacity: 8M
 Heap Initial Capacity: 128M
 Heap Max Capacity: 2020M
 Pre-touch: Disabled
 Parallel Workers: 4
 Concurrent Workers: 1
 Concurrent Refinement Workers: 4
 Periodic GC: Disabled
Heap:
 garbage-first heap   total 61440K, used 38145K [0x0000000081c00000, 0x0000000100000000)
  region size 1024K, 20 young (20480K), 4 survivors (4096K)
 Metaspace       used 55956K, committed 56384K, reserved 1097728K
  class space    used 7546K, committed 7744K, reserved 1048576K
GC Heap History (20 events):
Event: 2.350 GC heap before
{Heap before GC invocations=4 (full 0):
 garbage-first heap   total 131072K, used 60896K [0x0000000081c00000, 0x0000000100000000)
  region size 1024K, 56 young (57344K), 4 survivors (4096K)
 Metaspace       used 21309K, committed 21504K, reserved 1073152K
  class space    used 2709K, committed 2816K, reserved 1048576K
}
Event: 2.357 GC heap after
{Heap after GC invocations=5 (full 0):
 garbage-first heap   total 131072K, used 11792K [0x0000000081c00000, 0x0000000100000000)
  region size 1024K, 6 young (6144K), 6 survivors (6144K)
 Metaspace       used 21309K, committed 21504K, reserved 1073152K
  class space    used 2709K, committed 2816K, reserved 1048576K
}
Event: 3.027 GC heap before
{Heap before GC invocations=6 (full 0):
 garbage-first heap   total 45056K, used 36368K [0x0000000081c00000, 0x0000000100000000)
  region size 1024K, 31 young (31744K), 6 survivors (6144K)
 Metaspace       used 25667K, committed 25920K, reserved 1073152K
  class space    used 3394K, committed 3520K, reserved 1048576K
}
Event: 3.035 GC heap after
{Heap after GC invocations=7 (full 0):
 garbage-first heap   total 47104K, used 14285K [0x0000000081c00000, 0x0000000100000000)
  region size 1024K, 5 young (5120K), 5 survivors (5120K)
 Metaspace       used 25667K, committed 25920K, reserved 1073152K
  class space    used 3394K, committed 3520K, reserved 1048576K
}
Event: 3.059 GC heap before
{Heap before GC invocations=7 (full 0):
 garbage-first heap   total 47104K, used 15309K [0x0000000081c00000, 0x0000000100000000)
  region size 1024K, 6 young (6144K), 5 survivors (5120K)
 Metaspace       used 25733K, committed 25984K, reserved 1073152K
  class space    used 3402K, committed 3520K, reserved 1048576K
}
Event: 3.065 GC heap after
{Heap after GC invocations=8 (full 0):
 garbage-first heap   total 61440K, used 14814K [0x0000000081c00000, 0x0000000100000000)
  region size 1024K, 1 young (1024K), 1 survivors (1024K)
 Metaspace       used 25733K, committed 25984K, reserved 1073152K
  class space    used 3402K, committed 3520K, reserved 1048576K
}
Event: 3.385 GC heap before
{Heap before GC invocations=8 (full 0):
 garbage-first heap   total 61440K, used 44510K [0x0000000081c00000, 0x0000000100000000)
  region size 1024K, 31 young (31744K), 1 survivors (1024K)
 Metaspace       used 27908K, committed 28224K, reserved 1081344K
  class space    used 3634K, committed 3776K, reserved 1048576K
}
Event: 3.386 GC heap after
{Heap after GC invocations=9 (full 0):
 garbage-first heap   total 61440K, used 15038K [0x0000000081c00000, 0x0000000100000000)
  region size 1024K, 2 young (2048K), 2 survivors (2048K)
 Metaspace       used 27908K, committed 28224K, reserved 1081344K
  class space    used 3634K, committed 3776K, reserved 1048576K
}
Event: 3.539 GC heap before
{Heap before GC invocations=9 (full 0):
 garbage-first heap   total 61440K, used 44734K [0x0000000081c00000, 0x0000000100000000)
  region size 1024K, 32 young (32768K), 2 survivors (2048K)
 Metaspace       used 28614K, committed 28928K, reserved 1081344K
  class space    used 3695K, committed 3840K, reserved 1048576K
}
Event: 3.543 GC heap after
{Heap after GC invocations=10 (full 0):
 garbage-first heap   total 61440K, used 15431K [0x0000000081c00000, 0x0000000100000000)
  region size 1024K, 2 young (2048K), 2 survivors (2048K)
 Metaspace       used 28614K, committed 28928K, reserved 1081344K
  class space    used 3695K, committed 3840K, reserved 1048576K
}
Event: 3.635 GC heap before
{Heap before GC invocations=10 (full 0):
 garbage-first heap   total 61440K, used 46151K [0x0000000081c00000, 0x0000000100000000)
  region size 1024K, 33 young (33792K), 2 survivors (2048K)
 Metaspace       used 28792K, committed 29120K, reserved 1081344K
  class space    used 3711K, committed 3840K, reserved 1048576K
}
Event: 3.637 GC heap after
{Heap after GC invocations=11 (full 0):
 garbage-first heap   total 61440K, used 15488K [0x0000000081c00000, 0x0000000100000000)
  region size 1024K, 2 young (2048K), 2 survivors (2048K)
 Metaspace       used 28792K, committed 29120K, reserved 1081344K
  class space    used 3711K, committed 3840K, reserved 1048576K
}
Event: 4.452 GC heap before
{Heap before GC invocations=11 (full 0):
 garbage-first heap   total 61440K, used 44160K [0x0000000081c00000, 0x0000000100000000)
  region size 1024K, 31 young (31744K), 2 survivors (2048K)
 Metaspace       used 35857K, committed 36160K, reserved 1081344K
  class space    used 4817K, committed 4992K, reserved 1048576K
}
Event: 4.457 GC heap after
{Heap after GC invocations=12 (full 0):
 garbage-first heap   total 61440K, used 17057K [0x0000000081c00000, 0x0000000100000000)
  region size 1024K, 4 young (4096K), 4 survivors (4096K)
 Metaspace       used 35857K, committed 36160K, reserved 1081344K
  class space    used 4817K, committed 4992K, reserved 1048576K
}
Event: 5.424 GC heap before
{Heap before GC invocations=13 (full 0):
 garbage-first heap   total 61440K, used 47777K [0x0000000081c00000, 0x0000000100000000)
  region size 1024K, 34 young (34816K), 4 survivors (4096K)
 Metaspace       used 44175K, committed 44544K, reserved 1089536K
  class space    used 6031K, committed 6208K, reserved 1048576K
}
Event: 5.429 GC heap after
{Heap after GC invocations=14 (full 0):
 garbage-first heap   total 61440K, used 19536K [0x0000000081c00000, 0x0000000100000000)
  region size 1024K, 5 young (5120K), 5 survivors (5120K)
 Metaspace       used 44175K, committed 44544K, reserved 1089536K
  class space    used 6031K, committed 6208K, reserved 1048576K
}
Event: 6.169 GC heap before
{Heap before GC invocations=14 (full 0):
 garbage-first heap   total 61440K, used 48208K [0x0000000081c00000, 0x0000000100000000)
  region size 1024K, 33 young (33792K), 5 survivors (5120K)
 Metaspace       used 48387K, committed 48704K, reserved 1097728K
  class space    used 6596K, committed 6784K, reserved 1048576K
}
Event: 6.176 GC heap after
{Heap after GC invocations=15 (full 0):
 garbage-first heap   total 61440K, used 21650K [0x0000000081c00000, 0x0000000100000000)
  region size 1024K, 5 young (5120K), 5 survivors (5120K)
 Metaspace       used 48387K, committed 48704K, reserved 1097728K
  class space    used 6596K, committed 6784K, reserved 1048576K
}
Event: 21.599 GC heap before
{Heap before GC invocations=15 (full 0):
 garbage-first heap   total 61440K, used 47250K [0x0000000081c00000, 0x0000000100000000)
  region size 1024K, 31 young (31744K), 5 survivors (5120K)
 Metaspace       used 52358K, committed 52736K, reserved 1097728K
  class space    used 7125K, committed 7296K, reserved 1048576K
}
Event: 21.607 GC heap after
{Heap after GC invocations=16 (full 0):
 garbage-first heap   total 61440K, used 23809K [0x0000000081c00000, 0x0000000100000000)
  region size 1024K, 4 young (4096K), 4 survivors (4096K)
 Metaspace       used 52358K, committed 52736K, reserved 1097728K
  class space    used 7125K, committed 7296K, reserved 1048576K
}

