# JRE version: Java(TM) SE Runtime Environment (17.0+35) (build 17+35-LTS-2724)
# Java VM: Java HotSpot(TM) 64-Bit Server VM (17+35-LTS-2724, mixed mode, sharing, tiered, compressed oops, compressed class ptrs, g1 gc, windows-amd64)
GC Precious Log:
 CPUs: 4 total, 4 available
 Memory: 8078M
 Large Page Support: Disabled
 NUMA Support: Disabled
 Compressed Oops: Enabled (32-bit)
 Heap Region Size: 1M
 Heap Min Capacity: 8M
 Heap Initial Capacity: 128M
 Heap Max Capacity: 2020M
 Pre-touch: Disabled
 Parallel Workers: 4
 Concurrent Workers: 1
 Concurrent Refinement Workers: 4
 Periodic GC: Disabled
Heap:
 garbage-first heap   total 131072K, used 35351K [0x0000000081c00000, 0x0000000100000000)
  region size 1024K, 31 young (31744K), 4 survivors (4096K)
 Metaspace       used 17782K, committed 17984K, reserved 1073152K
  class space    used 2249K, committed 2368K, reserved 1048576K
GC Heap History (8 events):
Event: 0.440 GC heap before
{Heap before GC invocations=0 (full 0):
 garbage-first heap   total 131072K, used 14336K [0x0000000081c00000, 0x0000000100000000)
  region size 1024K, 13 young (13312K), 0 survivors (0K)
 Metaspace       used 2628K, committed 2752K, reserved 1056768K
  class space    used 258K, committed 320K, reserved 1048576K
}
Event: 0.444 GC heap after
{Heap after GC invocations=1 (full 0):
 garbage-first heap   total 131072K, used 5938K [0x0000000081c00000, 0x0000000100000000)
  region size 1024K, 2 young (2048K), 2 survivors (2048K)
 Metaspace       used 2628K, committed 2752K, reserved 1056768K
  class space    used 258K, committed 320K, reserved 1048576K
}
Event: 0.582 GC heap before
{Heap before GC invocations=1 (full 0):
 garbage-first heap   total 131072K, used 17202K [0x0000000081c00000, 0x0000000100000000)
  region size 1024K, 14 young (14336K), 2 survivors (2048K)
 Metaspace       used 4127K, committed 4352K, reserved 1056768K
  class space    used 445K, committed 576K, reserved 1048576K
}
Event: 0.585 GC heap after
{Heap after GC invocations=2 (full 0):
 garbage-first heap   total 131072K, used 6511K [0x0000000081c00000, 0x0000000100000000)
  region size 1024K, 1 young (1024K), 1 survivors (1024K)
 Metaspace       used 4127K, committed 4352K, reserved 1056768K
  class space    used 445K, committed 576K, reserved 1048576K
}
Event: 0.591 GC heap before
{Heap before GC invocations=2 (full 0):
 garbage-first heap   total 131072K, used 28015K [0x0000000081c00000, 0x0000000100000000)
  region size 1024K, 23 young (23552K), 1 survivors (1024K)
 Metaspace       used 4127K, committed 4352K, reserved 1056768K
  class space    used 445K, committed 576K, reserved 1048576K
}
Event: 0.592 GC heap after
{Heap after GC invocations=3 (full 0):
 garbage-first heap   total 131072K, used 6480K [0x0000000081c00000, 0x0000000100000000)
  region size 1024K, 1 young (1024K), 1 survivors (1024K)
 Metaspace       used 4127K, committed 4352K, reserved 1056768K
  class space    used 445K, committed 576K, reserved 1048576K
}
Event: 1.734 GC heap before
{Heap before GC invocations=3 (full 0):
 garbage-first heap   total 131072K, used 82256K [0x0000000081c00000, 0x0000000100000000)
  region size 1024K, 77 young (78848K), 1 survivors (1024K)
 Metaspace       used 15082K, committed 15360K, reserved 1064960K
  class space    used 1964K, committed 2112K, reserved 1048576K
}
Event: 1.741 GC heap after
{Heap after GC invocations=4 (full 0):
 garbage-first heap   total 131072K, used 9751K [0x0000000081c00000, 0x0000000100000000)
  region size 1024K, 4 young (4096K), 4 survivors (4096K)
 Metaspace       used 15082K, committed 15360K, reserved 1064960K
  class space    used 1964K, committed 2112K, reserved 1048576K
}

